<?xml version="1.0" encoding="utf-8"?><testsuites name="pytest tests"><testsuite name="pytest" errors="0" failures="1" skipped="0" tests="24" time="10.433" timestamp="2026-04-23T15:14:53.310973+00:00" hostname="agent-env-8e47da1a-e375-459f-879d-35a622174e6f"><testcase classname="backend.tests.test_roast_backend" name="test_root" time="0.160" /><testcase classname="backend.tests.test_roast_backend.TestAuth" name="test_register_initial_state" time="0.289" /><testcase classname="backend.tests.test_roast_backend.TestAuth" name="test_register_duplicate_email" time="0.050" /><testcase classname="backend.tests.test_roast_backend.TestAuth" name="test_login_success" time="0.279" /><testcase classname="backend.tests.test_roast_backend.TestAuth" name="test_login_invalid" time="0.279" /><testcase classname="backend.tests.test_roast_backend.TestAuth" name="test_me_with_token" time="0.051"><failure message="AssertionError: assert 'test_roast_31bd6e62@test.com' == 'TEST_roast_31bd6e62@test.com'&#10;  &#10;  - TEST_roast_31bd6e62@test.com&#10;  ? ^^^^&#10;  + test_roast_31bd6e62@test.com&#10;  ? ^^^^">backend/tests/test_roast_backend.py:85: in test_me_with_token
    assert r.json()["email"] == new_user["email"]
E   AssertionError: assert 'test_roast_31bd6e62@test.com' == 'TEST_roast_31bd6e62@test.com'
E     
E     - TEST_roast_31bd6e62@test.com
E     ? ^^^^
E     + test_roast_31bd6e62@test.com
E     ? ^^^^</failure></testcase><testcase classname="backend.tests.test_roast_backend.TestAuth" name="test_me_missing_token" time="0.049" /><testcase classname="backend.tests.test_roast_backend.TestAuth" name="test_me_invalid_token" time="0.053" /><testcase classname="backend.tests.test_roast_backend.TestRoastValidation" name="test_idea_too_short" time="0.325" /><testcase classname="backend.tests.test_roast_backend.TestRoastValidation" name="test_idea_too_long" time="0.054" /><testcase classname="backend.tests.test_roast_backend.TestRoastValidation" name="test_roast_missing_auth" time="0.060" /><testcase classname="backend.tests.test_roast_backend.TestRoastFlow" name="test_first_roast_free" time="3.817" /><testcase classname="backend.tests.test_roast_backend.TestRoastFlow" name="test_second_roast_402" time="0.047" /><testcase classname="backend.tests.test_roast_backend.TestRoastFlow" name="test_existing_user_blocked" time="0.096" /><testcase classname="backend.tests.test_roast_backend.TestPayment" name="test_create_order" time="0.858" /><testcase classname="backend.tests.test_roast_backend.TestPayment" name="test_create_order_requires_auth" time="0.052" /><testcase classname="backend.tests.test_roast_backend.TestPayment" name="test_verify_invalid_signature" time="0.057" /><testcase classname="backend.tests.test_roast_backend.TestPayment" name="test_verify_valid_signature_and_balance_increment" time="0.105" /><testcase classname="backend.tests.test_roast_backend.TestPayment" name="test_paid_roast_decrements_balance" time="3.350" /><testcase classname="backend.tests.test_roast_backend.TestListings" name="test_leaderboard_public" time="0.057" /><testcase classname="backend.tests.test_roast_backend.TestListings" name="test_my_roasts_requires_auth" time="0.056" /><testcase classname="backend.tests.test_roast_backend.TestListings" name="test_my_roasts_returns_only_mine" time="0.049" /><testcase classname="backend.tests.test_roast_backend.TestListings" name="test_get_single_roast" time="0.066" /><testcase classname="backend.tests.test_roast_backend.TestListings" name="test_get_single_roast_404" time="0.056" /></testsuite></testsuites>